2026-06-06 17:56:02 [INFO]: Apollo search initiated {"seedDomain":"stripe.com","perPage":3}
2026-06-06 17:56:03 [ERROR]: AxiosError: Request failed with status code 422
    at settle (/Users/prakhartripathi/Documents/src/subspace assignment/node_modules/axios/dist/node/axios.cjs:2090:12)
    at IncomingMessage.handleStreamEnd (/Users/prakhartripathi/Documents/src/subspace assignment/node_modules/axios/dist/node/axios.cjs:3788:11)
    at IncomingMessage.emit (node:events:531:35)
    at endReadableNT (node:internal/streams/readable:1698:12)
    at process.processTicksAndRejections (node:internal/process/task_queues:89:21)
    at Axios.request (/Users/prakhartripathi/Documents/src/subspace assignment/node_modules/axios/dist/node/axios.cjs:5133:41)
    at process.processTicksAndRejections (node:internal/process/task_queues:103:5)
    at async discoverCompanies (/Users/prakhartripathi/Documents/src/subspace assignment/src/services/discoveryService.js:127:22)
    at async /Users/prakhartripathi/Documents/src/subspace assignment/src/app.js:21:21 {"seedDomain":"stripe.com","status":422,"apolloMessage":"Request failed with status code 422"}
2026-06-06 18:01:08 [INFO]: Apollo company search initiated {"domain":"google.com","page":1,"perPage":10}
2026-06-06 18:01:08 [ERROR]: Apollo company search failed Request failed with status code 403 {"domain":"google.com","status":403}
2026-06-06 18:04:20 [INFO]: Apollo company search initiated {"domain":"google.com","page":1,"perPage":10}
2026-06-06 18:04:21 [ERROR]: Apollo company search failed Request failed with status code 422 {"domain":"google.com","status":422}
2026-06-06 18:05:48 [INFO]: Apollo company search initiated {"domain":"google.com","page":1,"perPage":10}
2026-06-06 18:05:49 [INFO]: Apollo company search completed {"status":200,"domain":"google.com","resultCount":1,"endpoint":"organizations/search"}
2026-06-06 21:27:29 [INFO]: Contact enrichment request received {"linkedinUrl":"https://www.linkedin.com/in/williamhgates","saveToFile":true}
2026-06-06 21:27:29 [INFO]: Prospeo person enrichment initiated {"linkedinUrl":"https://www.linkedin.com/in/williamhgates"}
2026-06-06 21:27:31 [ERROR]: AxiosError: Request failed with status code 400
    at settle (/Users/prakhartripathi/Documents/src/subspace assignment/node_modules/axios/dist/node/axios.cjs:2090:12)
    at IncomingMessage.handleStreamEnd (/Users/prakhartripathi/Documents/src/subspace assignment/node_modules/axios/dist/node/axios.cjs:3788:11)
    at IncomingMessage.emit (node:events:531:35)
    at endReadableNT (node:internal/streams/readable:1698:12)
    at process.processTicksAndRejections (node:internal/process/task_queues:89:21)
    at Axios.request (/Users/prakhartripathi/Documents/src/subspace assignment/node_modules/axios/dist/node/axios.cjs:5133:41)
    at process.processTicksAndRejections (node:internal/process/task_queues:103:5)
    at async enrichPerson (/Users/prakhartripathi/Documents/src/subspace assignment/src/services/contactService.js:102:22)
    at async enrichContact (/Users/prakhartripathi/Documents/src/subspace assignment/src/controllers/contactController.js:40:29) {"linkedinUrl":"https://www.linkedin.com/in/williamhgates","status":400,"prospeoMessage":"Request failed with status code 400"}
2026-06-06 21:27:31 [ERROR]: Contact enrichment failed Request failed with status code 400
2026-06-06 21:27:40 [INFO]: Batch contact enrichment request received {"count":2,"saveToFile":true}
2026-06-06 21:27:40 [INFO]: Prospeo person enrichment initiated {"linkedinUrl":"https://www.linkedin.com/in/williamhgates"}
2026-06-06 21:27:41 [ERROR]: AxiosError: Request failed with status code 400
    at settle (/Users/prakhartripathi/Documents/src/subspace assignment/node_modules/axios/dist/node/axios.cjs:2090:12)
    at IncomingMessage.handleStreamEnd (/Users/prakhartripathi/Documents/src/subspace assignment/node_modules/axios/dist/node/axios.cjs:3788:11)
    at IncomingMessage.emit (node:events:531:35)
    at endReadableNT (node:internal/streams/readable:1698:12)
    at process.processTicksAndRejections (node:internal/process/task_queues:89:21)
    at Axios.request (/Users/prakhartripathi/Documents/src/subspace assignment/node_modules/axios/dist/node/axios.cjs:5133:41)
    at process.processTicksAndRejections (node:internal/process/task_queues:103:5)
    at async enrichPerson (/Users/prakhartripathi/Documents/src/subspace assignment/src/services/contactService.js:102:22)
    at async enrichBatchContacts (/Users/prakhartripathi/Documents/src/subspace assignment/src/controllers/contactController.js:127:33) {"linkedinUrl":"https://www.linkedin.com/in/williamhgates","status":400,"prospeoMessage":"Request failed with status code 400"}
2026-06-06 21:27:41 [INFO]: Prospeo person enrichment initiated {"linkedinUrl":"https://www.linkedin.com/in/sundar-pichai"}
2026-06-06 21:27:41 [ERROR]: AxiosError: Request failed with status code 400
    at settle (/Users/prakhartripathi/Documents/src/subspace assignment/node_modules/axios/dist/node/axios.cjs:2090:12)
    at IncomingMessage.handleStreamEnd (/Users/prakhartripathi/Documents/src/subspace assignment/node_modules/axios/dist/node/axios.cjs:3788:11)
    at IncomingMessage.emit (node:events:531:35)
    at endReadableNT (node:internal/streams/readable:1698:12)
    at process.processTicksAndRejections (node:internal/process/task_queues:89:21)
    at Axios.request (/Users/prakhartripathi/Documents/src/subspace assignment/node_modules/axios/dist/node/axios.cjs:5133:41)
    at process.processTicksAndRejections (node:internal/process/task_queues:103:5)
    at async enrichPerson (/Users/prakhartripathi/Documents/src/subspace assignment/src/services/contactService.js:102:22)
    at async enrichBatchContacts (/Users/prakhartripathi/Documents/src/subspace assignment/src/controllers/contactController.js:127:33) {"linkedinUrl":"https://www.linkedin.com/in/sundar-pichai","status":400,"prospeoMessage":"Request failed with status code 400"}
2026-06-06 21:31:15 [INFO]: Contact enrichment request received {"linkedinUrl":"https://www.linkedin.com/in/williamhgates","saveToFile":true}
2026-06-06 21:31:15 [INFO]: Apollo person enrichment initiated {"linkedinUrl":"https://www.linkedin.com/in/williamhgates"}
2026-06-06 21:31:16 [ERROR]: Apollo authentication failed – check APOLLO_API_KEY {"status":403,"apolloMessage":"Request failed with status code 403"}
2026-06-06 21:31:16 [ERROR]: Contact enrichment failed Apollo authentication error (HTTP 403): Invalid API key
2026-06-06 21:33:38 [INFO]: Apollo company search initiated {"domain":"google.com","page":1,"perPage":10}
2026-06-06 21:33:40 [INFO]: Apollo company search completed {"status":200,"domain":"google.com","resultCount":1,"endpoint":"organizations/search"}
2026-06-06 21:45:33 [INFO]: Configuration loaded successfully {"environment":"development","apolloEnabled":true,"prospeoEnabled":true,"eazyreachEnabled":true,"brevoEnabled":true}
2026-06-06 21:45:33 [INFO]: Server listening at http://localhost:3000
2026-06-06 21:45:42 [INFO]: Apollo search initiated {"seedDomain":"stripe.com","perPage":3}
2026-06-06 21:45:43 [INFO]: Apollo search responded {"status":200,"seedDomain":"stripe.com"}
2026-06-06 21:45:43 [INFO]: Apollo search complete {"seedDomain":"stripe.com","rawCount":1,"uniqueCount":1}
